000 (261956.000.000) 2024-12-04 21:36:37 Job submitted from host: <128.104.100.148:9618?addrs=128.104.100.148-9618+[2607-f388-107c-501-216-3eff-feb2-bc11]-9618&alias=learn.chtc.wisc.edu&noUDP&sock=schedd_1351356_64bc>
...
040 (261956.000.000) 2024-12-04 21:36:58 Started transferring input files
	Transferring to host: <128.105.68.243:9618?addrs=128.105.68.243-9618&alias=e2330.chtc.wisc.edu&noUDP&sock=slot1_2_26210_10e3_141749>
...
040 (261956.000.000) 2024-12-04 21:37:10 Finished transferring input files
...
001 (261956.000.000) 2024-12-04 21:37:11 Job executing on host: <128.105.68.243:9618?addrs=128.105.68.243-9618&alias=e2330.chtc.wisc.edu&noUDP&sock=startd_7912_8d69>
	SlotName: slot1_2@e2330.chtc.wisc.edu
	CondorScratchDir = "/var/lib/condor/execute/slot1/dir_14219"
	Cpus = 1
	Disk = 5243904
	GPUs = 0
	IoHeavy = 0
	Memory = 5120
...
006 (261956.000.000) 2024-12-04 21:37:23 Image size of job updated: 316044
	309  -  MemoryUsage of job (MB)
	316044  -  ResidentSetSize of job (KB)
...
040 (261956.000.000) 2024-12-04 21:37:57 Started transferring output files
...
040 (261956.000.000) 2024-12-04 21:37:58 Finished transferring output files
...
005 (261956.000.000) 2024-12-04 21:37:58 Job terminated.
	(1) Normal termination (return value 0)
		Usr 0 00:00:37, Sys 0 00:00:01  -  Run Remote Usage
		Usr 0 00:00:00, Sys 0 00:00:00  -  Run Local Usage
		Usr 0 00:00:37, Sys 0 00:00:01  -  Total Remote Usage
		Usr 0 00:00:00, Sys 0 00:00:00  -  Total Local Usage
	1736137  -  Run Bytes Sent By Job
	1620956  -  Run Bytes Received By Job
	1736137  -  Total Bytes Sent By Job
	1620956  -  Total Bytes Received By Job
	Partitionable Resources :     Usage  Request Allocated 
	   Cpus                 :      0.65        1         1 
	   Disk (KB)            : 806544     5242880   5243904 
	   GPUs                 :                            0 
	   IoHeavy              :                            0 
	   Memory (MB)          :    309        5120      5120 
	   TimeExecute (s)      :     46                       
	   TimeSlotBusy (s)     :     60                       

	Job terminated of its own accord at 2024-12-05T03:37:57Z with exit-code 0.
...
