000 (261957.011.000) 2024-12-04 21:38:17 Job submitted from host: <128.104.100.148:9618?addrs=128.104.100.148-9618+[2607-f388-107c-501-216-3eff-feb2-bc11]-9618&alias=learn.chtc.wisc.edu&noUDP&sock=schedd_1351356_64bc>
...
040 (261957.011.000) 2024-12-04 21:38:40 Started transferring input files
	Transferring to host: <128.105.68.26:9618?addrs=128.105.68.26-9618+[2607-f388-2200-100-3680-dff-fe2e-8018]-9618&alias=e2456.chtc.wisc.edu&noUDP&sock=slot1_10_1241116_3f9f_121711>
...
040 (261957.011.000) 2024-12-04 21:38:56 Finished transferring input files
...
001 (261957.011.000) 2024-12-04 21:38:57 Job executing on host: <128.105.68.26:9618?addrs=128.105.68.26-9618+[2607-f388-2200-100-3680-dff-fe2e-8018]-9618&alias=e2456.chtc.wisc.edu&noUDP&sock=startd_17543_9e08>
	SlotName: slot1_10@e2456.chtc.wisc.edu
	CondorScratchDir = "/var/lib/condor/execute/slot1/dir_1686262"
	Cpus = 1
	Disk = 5243904
	GPUs = 0
	IoHeavy = 0
	Memory = 5120
...
006 (261957.011.000) 2024-12-04 21:39:11 Image size of job updated: 10124
	10  -  MemoryUsage of job (MB)
	10124  -  ResidentSetSize of job (KB)
...
040 (261957.011.000) 2024-12-04 21:39:58 Started transferring output files
...
040 (261957.011.000) 2024-12-04 21:39:58 Finished transferring output files
...
005 (261957.011.000) 2024-12-04 21:39:58 Job terminated.
	(1) Normal termination (return value 0)
		Usr 0 00:00:54, Sys 0 00:00:00  -  Run Remote Usage
		Usr 0 00:00:00, Sys 0 00:00:00  -  Run Local Usage
		Usr 0 00:00:54, Sys 0 00:00:00  -  Total Remote Usage
		Usr 0 00:00:00, Sys 0 00:00:00  -  Total Local Usage
	2494533  -  Run Bytes Sent By Job
	3863011  -  Run Bytes Received By Job
	2494533  -  Total Bytes Sent By Job
	3863011  -  Total Bytes Received By Job
	Partitionable Resources :    Usage  Request Allocated 
	   Cpus                 :        0        1         1 
	   Disk (KB)            :   809475  5242880   5243904 
	   GPUs                 :                           0 
	   IoHeavy              :                           0 
	   Memory (MB)          :       10     5120      5120 
	   TimeExecute (s)      :       61                    
	   TimeSlotBusy (s)     :       78                    

	Job terminated of its own accord at 2024-12-05T03:39:58Z with exit-code 0.
...
