000 (261957.007.000) 2024-12-04 21:38:17 Job submitted from host: <128.104.100.148:9618?addrs=128.104.100.148-9618+[2607-f388-107c-501-216-3eff-feb2-bc11]-9618&alias=learn.chtc.wisc.edu&noUDP&sock=schedd_1351356_64bc>
...
040 (261957.007.000) 2024-12-04 21:38:39 Started transferring input files
	Transferring to host: <128.105.69.149:9618?addrs=128.105.69.149-9618+[2607-f388-2200-100-1270-fdff-fe56-63bc]-9618&alias=e4026.chtc.wisc.edu&noUDP&sock=slot1_98_2569426_cede_126579>
...
021 (261957.007.000) 2024-12-04 22:38:59 Error from starter on slot1_98@e4026.chtc.wisc.edu:
	Input File transfer stalled for 3620 seconds
...
004 (261957.007.000) 2024-12-04 22:38:59 Job was evicted.
	(0) CPU times
		Usr 0 00:00:00, Sys 0 00:00:00  -  Run Remote Usage
		Usr 0 00:00:00, Sys 0 00:00:00  -  Run Local Usage
	0  -  Run Bytes Sent By Job
	0  -  Run Bytes Received By Job
	Error from slot1_98@e4026.chtc.wisc.edu: Input File transfer stalled for 3620 seconds
	Partitionable Resources :    Usage  Request Allocated 
	   Cpus                 :                 1         1 
	   Disk (KB)            :    25000  5242880   5244033 
	   GPUs                 :                           0 
	   IoHeavy              :                           0 
	   Memory (MB)          :              5120      5120 
...
040 (261957.007.000) 2024-12-04 22:53:24 Started transferring input files
	Transferring to host: <128.105.68.243:9618?addrs=128.105.68.243-9618&alias=e2330.chtc.wisc.edu&noUDP&sock=slot1_18_26210_10e3_142049>
...
040 (261957.007.000) 2024-12-04 22:53:37 Finished transferring input files
...
001 (261957.007.000) 2024-12-04 22:53:38 Job executing on host: <128.105.68.243:9618?addrs=128.105.68.243-9618&alias=e2330.chtc.wisc.edu&noUDP&sock=startd_7912_8d69>
	SlotName: slot1_18@e2330.chtc.wisc.edu
	CondorScratchDir = "/var/lib/condor/execute/slot1/dir_29546"
	Cpus = 1
	Disk = 5243904
	GPUs = 0
	IoHeavy = 0
	Memory = 5120
...
006 (261957.007.000) 2024-12-04 22:53:49 Image size of job updated: 305680
	299  -  MemoryUsage of job (MB)
	305680  -  ResidentSetSize of job (KB)
...
006 (261957.007.000) 2024-12-04 22:58:50 Image size of job updated: 405832
	397  -  MemoryUsage of job (MB)
	405832  -  ResidentSetSize of job (KB)
...
006 (261957.007.000) 2024-12-04 23:03:50 Image size of job updated: 1515092
	1480  -  MemoryUsage of job (MB)
	1515092  -  ResidentSetSize of job (KB)
...
040 (261957.007.000) 2024-12-04 23:14:17 Started transferring output files
...
040 (261957.007.000) 2024-12-04 23:14:18 Finished transferring output files
...
005 (261957.007.000) 2024-12-04 23:14:18 Job terminated.
	(1) Normal termination (return value 0)
		Usr 0 00:18:01, Sys 0 00:00:05  -  Run Remote Usage
		Usr 0 00:00:00, Sys 0 00:00:00  -  Run Local Usage
		Usr 0 00:18:01, Sys 0 00:00:05  -  Total Remote Usage
		Usr 0 00:00:00, Sys 0 00:00:00  -  Total Local Usage
	18119166  -  Run Bytes Sent By Job
	25557956  -  Run Bytes Received By Job
	18119166  -  Total Bytes Sent By Job
	25557956  -  Total Bytes Received By Job
	Partitionable Resources :     Usage  Request Allocated 
	   Cpus                 :      0.82        1         1 
	   Disk (KB)            : 845919     5242880   5243904 
	   GPUs                 :                            0 
	   IoHeavy              :                            0 
	   Memory (MB)          :   1480        5120      5120 
	   TimeExecute (s)      :   1239                       
	   TimeSlotBusy (s)     :   1254                       

	Job terminated of its own accord at 2024-12-05T05:14:17Z with exit-code 0.
...
