000 (261957.001.000) 2024-12-04 21:38:17 Job submitted from host: <128.104.100.148:9618?addrs=128.104.100.148-9618+[2607-f388-107c-501-216-3eff-feb2-bc11]-9618&alias=learn.chtc.wisc.edu&noUDP&sock=schedd_1351356_64bc>
...
040 (261957.001.000) 2024-12-04 21:38:38 Started transferring input files
	Transferring to host: <128.105.69.165:9618?addrs=128.105.69.165-9618+[2607-f388-2200-100-1270-fdff-fe56-7194]-9618&alias=e2548.chtc.wisc.edu&noUDP&sock=slot1_10_201512_2efb_162270>
...
040 (261957.001.000) 2024-12-04 21:38:51 Finished transferring input files
...
001 (261957.001.000) 2024-12-04 21:38:52 Job executing on host: <128.105.69.165:9618?addrs=128.105.69.165-9618+[2607-f388-2200-100-1270-fdff-fe56-7194]-9618&alias=e2548.chtc.wisc.edu&noUDP&sock=startd_190779_1aaa>
	SlotName: slot1_10@e2548.chtc.wisc.edu
	CondorScratchDir = "/var/lib/condor/execute/slot1/dir_2151909"
	Cpus = 1
	Disk = 5244033
	GPUs = 0
	IoHeavy = 0
	Memory = 5120
...
006 (261957.001.000) 2024-12-04 21:39:06 Image size of job updated: 326948
	320  -  MemoryUsage of job (MB)
	326948  -  ResidentSetSize of job (KB)
...
006 (261957.001.000) 2024-12-04 21:44:07 Image size of job updated: 1754344
	1714  -  MemoryUsage of job (MB)
	1754344  -  ResidentSetSize of job (KB)
...
006 (261957.001.000) 2024-12-04 21:49:07 Image size of job updated: 1755188
	1715  -  MemoryUsage of job (MB)
	1755188  -  ResidentSetSize of job (KB)
...
040 (261957.001.000) 2024-12-04 21:53:50 Started transferring output files
...
040 (261957.001.000) 2024-12-04 21:53:52 Finished transferring output files
...
005 (261957.001.000) 2024-12-04 21:53:52 Job terminated.
	(1) Normal termination (return value 0)
		Usr 0 00:14:34, Sys 0 00:00:07  -  Run Remote Usage
		Usr 0 00:00:00, Sys 0 00:00:00  -  Run Local Usage
		Usr 0 00:14:34, Sys 0 00:00:07  -  Total Remote Usage
		Usr 0 00:00:00, Sys 0 00:00:00  -  Total Local Usage
	22499994  -  Run Bytes Sent By Job
	28155812  -  Run Bytes Received By Job
	22499994  -  Total Bytes Sent By Job
	28155812  -  Total Bytes Received By Job
	Partitionable Resources :     Usage  Request Allocated 
	   Cpus                 :      0.99        1         1 
	   Disk (KB)            : 852735     5242880   5244033 
	   GPUs                 :                            0 
	   IoHeavy              :                            0 
	   Memory (MB)          :   1715        5120      5120 
	   TimeExecute (s)      :    898                       
	   TimeSlotBusy (s)     :    914                       

	Job terminated of its own accord at 2024-12-05T03:53:50Z with exit-code 0.
...
