000 (261957.010.000) 2024-12-04 21:38:17 Job submitted from host: <128.104.100.148:9618?addrs=128.104.100.148-9618+[2607-f388-107c-501-216-3eff-feb2-bc11]-9618&alias=learn.chtc.wisc.edu&noUDP&sock=schedd_1351356_64bc>
...
040 (261957.010.000) 2024-12-04 21:38:40 Started transferring input files
	Transferring to host: <128.105.69.165:9618?addrs=128.105.69.165-9618+[2607-f388-2200-100-1270-fdff-fe56-7194]-9618&alias=e2548.chtc.wisc.edu&noUDP&sock=slot1_27_201512_2efb_162271>
...
040 (261957.010.000) 2024-12-04 21:38:51 Finished transferring input files
...
001 (261957.010.000) 2024-12-04 21:38:52 Job executing on host: <128.105.69.165:9618?addrs=128.105.69.165-9618+[2607-f388-2200-100-1270-fdff-fe56-7194]-9618&alias=e2548.chtc.wisc.edu&noUDP&sock=startd_190779_1aaa>
	SlotName: slot1_27@e2548.chtc.wisc.edu
	CondorScratchDir = "/var/lib/condor/execute/slot1/dir_2152111"
	Cpus = 1
	Disk = 5244033
	GPUs = 0
	IoHeavy = 0
	Memory = 5120
...
006 (261957.010.000) 2024-12-04 21:39:06 Image size of job updated: 341096
	334  -  MemoryUsage of job (MB)
	341096  -  ResidentSetSize of job (KB)
...
006 (261957.010.000) 2024-12-04 21:44:07 Image size of job updated: 1780292
	1739  -  MemoryUsage of job (MB)
	1780292  -  ResidentSetSize of job (KB)
...
006 (261957.010.000) 2024-12-04 21:49:07 Image size of job updated: 1780588
	1739  -  MemoryUsage of job (MB)
	1780588  -  ResidentSetSize of job (KB)
...
006 (261957.010.000) 2024-12-04 21:54:08 Image size of job updated: 1780592
	1739  -  MemoryUsage of job (MB)
	1780592  -  ResidentSetSize of job (KB)
...
040 (261957.010.000) 2024-12-04 21:54:23 Started transferring output files
...
040 (261957.010.000) 2024-12-04 21:54:25 Finished transferring output files
...
005 (261957.010.000) 2024-12-04 21:54:25 Job terminated.
	(1) Normal termination (return value 0)
		Usr 0 00:15:07, Sys 0 00:00:06  -  Run Remote Usage
		Usr 0 00:00:00, Sys 0 00:00:00  -  Run Local Usage
		Usr 0 00:15:07, Sys 0 00:00:06  -  Total Remote Usage
		Usr 0 00:00:00, Sys 0 00:00:00  -  Total Local Usage
	22985516  -  Run Bytes Sent By Job
	35089800  -  Run Bytes Received By Job
	22985516  -  Total Bytes Sent By Job
	35089800  -  Total Bytes Received By Job
	Partitionable Resources :     Usage  Request Allocated 
	   Cpus                 :      0.99        1         1 
	   Disk (KB)            : 859981     5242880   5244033 
	   GPUs                 :                            0 
	   IoHeavy              :                            0 
	   Memory (MB)          :   1739        5120      5120 
	   TimeExecute (s)      :    931                       
	   TimeSlotBusy (s)     :    946                       

	Job terminated of its own accord at 2024-12-05T03:54:23Z with exit-code 0.
...
