000 (261957.025.000) 2024-12-04 21:38:17 Job submitted from host: <128.104.100.148:9618?addrs=128.104.100.148-9618+[2607-f388-107c-501-216-3eff-feb2-bc11]-9618&alias=learn.chtc.wisc.edu&noUDP&sock=schedd_1351356_64bc>
...
040 (261957.025.000) 2024-12-04 21:39:36 Started transferring input files
	Transferring to host: <128.105.68.243:9618?addrs=128.105.68.243-9618&alias=e2330.chtc.wisc.edu&noUDP&sock=slot1_2_26210_10e3_141756>
...
040 (261957.025.000) 2024-12-04 21:39:46 Finished transferring input files
...
001 (261957.025.000) 2024-12-04 21:39:47 Job executing on host: <128.105.68.243:9618?addrs=128.105.68.243-9618&alias=e2330.chtc.wisc.edu&noUDP&sock=startd_7912_8d69>
	SlotName: slot1_2@e2330.chtc.wisc.edu
	CondorScratchDir = "/var/lib/condor/execute/slot1/dir_15176"
	Cpus = 1
	Disk = 5243904
	GPUs = 0
	IoHeavy = 0
	Memory = 5120
...
006 (261957.025.000) 2024-12-04 21:39:57 Image size of job updated: 270008
	264  -  MemoryUsage of job (MB)
	270008  -  ResidentSetSize of job (KB)
...
006 (261957.025.000) 2024-12-04 21:44:12 Image size of job updated: 270008
	264  -  MemoryUsage of job (MB)
	270028  -  ResidentSetSize of job (KB)
...
040 (261957.025.000) 2024-12-04 21:44:12 Started transferring output files
...
040 (261957.025.000) 2024-12-04 21:44:13 Finished transferring output files
...
005 (261957.025.000) 2024-12-04 21:44:13 Job terminated.
	(1) Normal termination (return value 0)
		Usr 0 00:04:08, Sys 0 00:00:03  -  Run Remote Usage
		Usr 0 00:00:00, Sys 0 00:00:00  -  Run Local Usage
		Usr 0 00:04:08, Sys 0 00:00:03  -  Total Remote Usage
		Usr 0 00:00:00, Sys 0 00:00:00  -  Total Local Usage
	7288668  -  Run Bytes Sent By Job
	8144725  -  Run Bytes Received By Job
	7288668  -  Total Bytes Sent By Job
	8144725  -  Total Bytes Received By Job
	Partitionable Resources :     Usage  Request Allocated 
	   Cpus                 :      0.97        1         1 
	   Disk (KB)            : 818337     5242880   5243904 
	   GPUs                 :                            0 
	   IoHeavy              :                            0 
	   Memory (MB)          :    264        5120      5120 
	   TimeExecute (s)      :    265                       
	   TimeSlotBusy (s)     :    278                       

	Job terminated of its own accord at 2024-12-05T03:44:12Z with exit-code 0.
...
