000 (261957.016.000) 2024-12-04 21:38:17 Job submitted from host: <128.104.100.148:9618?addrs=128.104.100.148-9618+[2607-f388-107c-501-216-3eff-feb2-bc11]-9618&alias=learn.chtc.wisc.edu&noUDP&sock=schedd_1351356_64bc>
...
040 (261957.016.000) 2024-12-04 21:38:40 Started transferring input files
	Transferring to host: <128.105.69.165:9618?addrs=128.105.69.165-9618+[2607-f388-2200-100-1270-fdff-fe56-7194]-9618&alias=e2548.chtc.wisc.edu&noUDP&sock=slot1_29_201512_2efb_162272>
...
040 (261957.016.000) 2024-12-04 21:38:51 Finished transferring input files
...
001 (261957.016.000) 2024-12-04 21:38:52 Job executing on host: <128.105.69.165:9618?addrs=128.105.69.165-9618+[2607-f388-2200-100-1270-fdff-fe56-7194]-9618&alias=e2548.chtc.wisc.edu&noUDP&sock=startd_190779_1aaa>
	SlotName: slot1_29@e2548.chtc.wisc.edu
	CondorScratchDir = "/var/lib/condor/execute/slot1/dir_2152129"
	Cpus = 1
	Disk = 5244033
	GPUs = 0
	IoHeavy = 0
	Memory = 5120
...
006 (261957.016.000) 2024-12-04 21:39:06 Image size of job updated: 328236
	321  -  MemoryUsage of job (MB)
	328236  -  ResidentSetSize of job (KB)
...
006 (261957.016.000) 2024-12-04 21:44:07 Image size of job updated: 1779860
	1739  -  MemoryUsage of job (MB)
	1779860  -  ResidentSetSize of job (KB)
...
040 (261957.016.000) 2024-12-04 21:52:54 Started transferring output files
...
040 (261957.016.000) 2024-12-04 21:52:56 Finished transferring output files
...
005 (261957.016.000) 2024-12-04 21:52:56 Job terminated.
	(1) Normal termination (return value 0)
		Usr 0 00:13:42, Sys 0 00:00:03  -  Run Remote Usage
		Usr 0 00:00:00, Sys 0 00:00:00  -  Run Local Usage
		Usr 0 00:13:42, Sys 0 00:00:03  -  Total Remote Usage
		Usr 0 00:00:00, Sys 0 00:00:00  -  Total Local Usage
	22901692  -  Run Bytes Sent By Job
	32230352  -  Run Bytes Received By Job
	22901692  -  Total Bytes Sent By Job
	32230352  -  Total Bytes Received By Job
	Partitionable Resources :     Usage  Request Allocated 
	   Cpus                 :      0.99        1         1 
	   Disk (KB)            : 857106     5242880   5244033 
	   GPUs                 :                            0 
	   IoHeavy              :                            0 
	   Memory (MB)          :   1739        5120      5120 
	   TimeExecute (s)      :    842                       
	   TimeSlotBusy (s)     :    856                       

	Job terminated of its own accord at 2024-12-05T03:52:54Z with exit-code 0.
...
