000 (261957.005.000) 2024-12-04 21:38:17 Job submitted from host: <128.104.100.148:9618?addrs=128.104.100.148-9618+[2607-f388-107c-501-216-3eff-feb2-bc11]-9618&alias=learn.chtc.wisc.edu&noUDP&sock=schedd_1351356_64bc>
...
040 (261957.005.000) 2024-12-04 21:38:39 Started transferring input files
	Transferring to host: <128.105.68.31:9618?addrs=128.105.68.31-9618+[2607-f388-2200-100-3680-dff-fe2e-7760]-9618&alias=e2461.chtc.wisc.edu&noUDP&sock=slot1_19_1673240_b2c3_128361>
...
040 (261957.005.000) 2024-12-04 21:38:49 Finished transferring input files
...
001 (261957.005.000) 2024-12-04 21:38:50 Job executing on host: <128.105.68.31:9618?addrs=128.105.68.31-9618+[2607-f388-2200-100-3680-dff-fe2e-7760]-9618&alias=e2461.chtc.wisc.edu&noUDP&sock=startd_17436_3965>
	SlotName: slot1_19@e2461.chtc.wisc.edu
	CondorScratchDir = "/var/lib/condor/execute/slot1/dir_2971773"
	Cpus = 1
	Disk = 5243904
	GPUs = 0
	IoHeavy = 0
	Memory = 5120
...
006 (261957.005.000) 2024-12-04 21:39:04 Image size of job updated: 10420
	11  -  MemoryUsage of job (MB)
	10420  -  ResidentSetSize of job (KB)
...
006 (261957.005.000) 2024-12-04 21:44:04 Image size of job updated: 12608
	13  -  MemoryUsage of job (MB)
	12608  -  ResidentSetSize of job (KB)
...
040 (261957.005.000) 2024-12-04 21:49:46 Started transferring output files
...
040 (261957.005.000) 2024-12-04 21:49:48 Finished transferring output files
...
005 (261957.005.000) 2024-12-04 21:49:48 Job terminated.
	(1) Normal termination (return value 0)
		Usr 0 00:10:40, Sys 0 00:00:04  -  Run Remote Usage
		Usr 0 00:00:00, Sys 0 00:00:00  -  Run Local Usage
		Usr 0 00:10:40, Sys 0 00:00:04  -  Total Remote Usage
		Usr 0 00:00:00, Sys 0 00:00:00  -  Total Local Usage
	22554656  -  Run Bytes Sent By Job
	29000800  -  Run Bytes Received By Job
	22554656  -  Total Bytes Sent By Job
	29000800  -  Total Bytes Received By Job
	Partitionable Resources :     Usage  Request Allocated 
	   Cpus                 :      0.99        1         1 
	   Disk (KB)            : 853614     5242880   5243904 
	   GPUs                 :                            0 
	   IoHeavy              :                            0 
	   Memory (MB)          :     13        5120      5120 
	   TimeExecute (s)      :    656                       
	   TimeSlotBusy (s)     :    670                       

	Job terminated of its own accord at 2024-12-05T03:49:46Z with exit-code 0.
...
