000 (261957.013.000) 2024-12-04 21:38:17 Job submitted from host: <128.104.100.148:9618?addrs=128.104.100.148-9618+[2607-f388-107c-501-216-3eff-feb2-bc11]-9618&alias=learn.chtc.wisc.edu&noUDP&sock=schedd_1351356_64bc>
...
040 (261957.013.000) 2024-12-04 21:38:40 Started transferring input files
	Transferring to host: <128.105.68.31:9618?addrs=128.105.68.31-9618+[2607-f388-2200-100-3680-dff-fe2e-7760]-9618&alias=e2461.chtc.wisc.edu&noUDP&sock=slot1_32_1673240_b2c3_128362>
...
040 (261957.013.000) 2024-12-04 21:38:47 Finished transferring input files
...
001 (261957.013.000) 2024-12-04 21:38:48 Job executing on host: <128.105.68.31:9618?addrs=128.105.68.31-9618+[2607-f388-2200-100-3680-dff-fe2e-7760]-9618&alias=e2461.chtc.wisc.edu&noUDP&sock=startd_17436_3965>
	SlotName: slot1_32@e2461.chtc.wisc.edu
	CondorScratchDir = "/var/lib/condor/execute/slot1/dir_2971849"
	Cpus = 1
	Disk = 5243904
	GPUs = 0
	IoHeavy = 0
	Memory = 5120
...
006 (261957.013.000) 2024-12-04 21:39:01 Image size of job updated: 9896
	10  -  MemoryUsage of job (MB)
	9896  -  ResidentSetSize of job (KB)
...
040 (261957.013.000) 2024-12-04 21:41:58 Started transferring output files
...
040 (261957.013.000) 2024-12-04 21:41:59 Finished transferring output files
...
005 (261957.013.000) 2024-12-04 21:41:59 Job terminated.
	(1) Normal termination (return value 0)
		Usr 0 00:03:01, Sys 0 00:00:01  -  Run Remote Usage
		Usr 0 00:00:00, Sys 0 00:00:00  -  Run Local Usage
		Usr 0 00:03:01, Sys 0 00:00:01  -  Total Remote Usage
		Usr 0 00:00:00, Sys 0 00:00:00  -  Total Local Usage
	9908088  -  Run Bytes Sent By Job
	9411900  -  Run Bytes Received By Job
	9908088  -  Total Bytes Sent By Job
	9411900  -  Total Bytes Received By Job
	Partitionable Resources :     Usage  Request Allocated 
	   Cpus                 :      0.99        1         1 
	   Disk (KB)            : 822134     5242880   5243904 
	   GPUs                 :                            0 
	   IoHeavy              :                            0 
	   Memory (MB)          :     10        5120      5120 
	   TimeExecute (s)      :    190                       
	   TimeSlotBusy (s)     :    199                       

	Job terminated of its own accord at 2024-12-05T03:41:58Z with exit-code 0.
...
