000 (261957.006.000) 2024-12-04 21:38:17 Job submitted from host: <128.104.100.148:9618?addrs=128.104.100.148-9618+[2607-f388-107c-501-216-3eff-feb2-bc11]-9618&alias=learn.chtc.wisc.edu&noUDP&sock=schedd_1351356_64bc>
...
040 (261957.006.000) 2024-12-04 21:38:39 Started transferring input files
	Transferring to host: <128.105.69.126:9618?addrs=128.105.69.126-9618+[2607-f388-2200-100-1270-fdff-fe56-ca5c]-9618&alias=e4075.chtc.wisc.edu&noUDP&sock=slot1_47_667155_cd13_157667>
...
040 (261957.006.000) 2024-12-04 21:38:47 Finished transferring input files
...
001 (261957.006.000) 2024-12-04 21:38:48 Job executing on host: <128.105.69.126:9618?addrs=128.105.69.126-9618+[2607-f388-2200-100-1270-fdff-fe56-ca5c]-9618&alias=e4075.chtc.wisc.edu&noUDP&sock=startd_14656_601c>
	SlotName: slot1_47@e4075.chtc.wisc.edu
	CondorScratchDir = "/var/lib/condor/execute/slot1/dir_3799548"
	Cpus = 1
	Disk = 5244033
	GPUs = 0
	IoHeavy = 0
	Memory = 5120
...
006 (261957.006.000) 2024-12-04 21:39:02 Image size of job updated: 9980
	10  -  MemoryUsage of job (MB)
	9980  -  ResidentSetSize of job (KB)
...
040 (261957.006.000) 2024-12-04 21:40:12 Started transferring output files
...
040 (261957.006.000) 2024-12-04 21:40:12 Finished transferring output files
...
005 (261957.006.000) 2024-12-04 21:40:12 Job terminated.
	(1) Normal termination (return value 0)
		Usr 0 00:01:16, Sys 0 00:00:00  -  Run Remote Usage
		Usr 0 00:00:00, Sys 0 00:00:00  -  Run Local Usage
		Usr 0 00:01:16, Sys 0 00:00:00  -  Total Remote Usage
		Usr 0 00:00:00, Sys 0 00:00:00  -  Total Local Usage
	2501447  -  Run Bytes Sent By Job
	2373199  -  Run Bytes Received By Job
	2501447  -  Total Bytes Sent By Job
	2373199  -  Total Bytes Received By Job
	Partitionable Resources :    Usage  Request Allocated 
	   Cpus                 :                 1         1 
	   Disk (KB)            :   808017  5242880   5244033 
	   GPUs                 :                           0 
	   IoHeavy              :                           0 
	   Memory (MB)          :       10     5120      5120 
	   TimeExecute (s)      :       84                    
	   TimeSlotBusy (s)     :       94                    

	Job terminated of its own accord at 2024-12-05T03:40:12Z with exit-code 0.
...
