000 (261957.015.000) 2024-12-04 21:38:17 Job submitted from host: <128.104.100.148:9618?addrs=128.104.100.148-9618+[2607-f388-107c-501-216-3eff-feb2-bc11]-9618&alias=learn.chtc.wisc.edu&noUDP&sock=schedd_1351356_64bc>
...
040 (261957.015.000) 2024-12-04 21:38:40 Started transferring input files
	Transferring to host: <128.105.69.203:9618?addrs=128.105.69.203-9618+[2607-f388-2200-100-1270-fdff-fe56-c37c]-9618&alias=e4034.chtc.wisc.edu&noUDP&sock=slot1_51_3642394_d44e_137461>
...
040 (261957.015.000) 2024-12-04 21:38:48 Finished transferring input files
...
001 (261957.015.000) 2024-12-04 21:38:49 Job executing on host: <128.105.69.203:9618?addrs=128.105.69.203-9618+[2607-f388-2200-100-1270-fdff-fe56-c37c]-9618&alias=e4034.chtc.wisc.edu&noUDP&sock=startd_14673_0939>
	SlotName: slot1_51@e4034.chtc.wisc.edu
	CondorScratchDir = "/var/lib/condor/execute/slot1/dir_304961"
	Cpus = 1
	Disk = 5244033
	GPUs = 0
	IoHeavy = 0
	Memory = 5120
...
006 (261957.015.000) 2024-12-04 21:39:03 Image size of job updated: 10580
	11  -  MemoryUsage of job (MB)
	10580  -  ResidentSetSize of job (KB)
...
006 (261957.015.000) 2024-12-04 21:44:03 Image size of job updated: 13088
	13  -  MemoryUsage of job (MB)
	13088  -  ResidentSetSize of job (KB)
...
040 (261957.015.000) 2024-12-04 21:50:31 Started transferring output files
...
040 (261957.015.000) 2024-12-04 21:50:33 Finished transferring output files
...
005 (261957.015.000) 2024-12-04 21:50:33 Job terminated.
	(1) Normal termination (return value 0)
		Usr 0 00:11:25, Sys 0 00:00:03  -  Run Remote Usage
		Usr 0 00:00:00, Sys 0 00:00:00  -  Run Local Usage
		Usr 0 00:11:25, Sys 0 00:00:03  -  Total Remote Usage
		Usr 0 00:00:00, Sys 0 00:00:00  -  Total Local Usage
	22801332  -  Run Bytes Sent By Job
	31702008  -  Run Bytes Received By Job
	22801332  -  Total Bytes Sent By Job
	31702008  -  Total Bytes Received By Job
	Partitionable Resources :     Usage  Request Allocated 
	   Cpus                 :      0.99        1         1 
	   Disk (KB)            : 856492     5242880   5244033 
	   GPUs                 :                            0 
	   IoHeavy              :                            0 
	   Memory (MB)          :     13        5120      5120 
	   TimeExecute (s)      :    702                       
	   TimeSlotBusy (s)     :    713                       

	Job terminated of its own accord at 2024-12-05T03:50:31Z with exit-code 0.
...
