000 (261957.014.000) 2024-12-04 21:38:17 Job submitted from host: <128.104.100.148:9618?addrs=128.104.100.148-9618+[2607-f388-107c-501-216-3eff-feb2-bc11]-9618&alias=learn.chtc.wisc.edu&noUDP&sock=schedd_1351356_64bc>
...
040 (261957.014.000) 2024-12-04 21:38:40 Started transferring input files
	Transferring to host: <128.105.68.38:9618?addrs=128.105.68.38-9618+[2607-f388-2200-100-3680-dff-fe2e-8660]-9618&alias=e2468.chtc.wisc.edu&noUDP&sock=slot1_34_1923914_3554_129281>
...
040 (261957.014.000) 2024-12-04 21:38:47 Finished transferring input files
...
001 (261957.014.000) 2024-12-04 21:38:48 Job executing on host: <128.105.68.38:9618?addrs=128.105.68.38-9618+[2607-f388-2200-100-3680-dff-fe2e-8660]-9618&alias=e2468.chtc.wisc.edu&noUDP&sock=startd_17381_7fb0>
	SlotName: slot1_34@e2468.chtc.wisc.edu
	CondorScratchDir = "/var/lib/condor/execute/slot1/dir_75863"
	Cpus = 1
	Disk = 5243904
	GPUs = 0
	IoHeavy = 0
	Memory = 5120
...
006 (261957.014.000) 2024-12-04 21:39:02 Image size of job updated: 10024
	10  -  MemoryUsage of job (MB)
	10024  -  ResidentSetSize of job (KB)
...
006 (261957.014.000) 2024-12-04 21:44:03 Image size of job updated: 12440
	13  -  MemoryUsage of job (MB)
	12440  -  ResidentSetSize of job (KB)
...
040 (261957.014.000) 2024-12-04 21:49:34 Started transferring output files
...
040 (261957.014.000) 2024-12-04 21:49:36 Finished transferring output files
...
005 (261957.014.000) 2024-12-04 21:49:36 Job terminated.
	(1) Normal termination (return value 0)
		Usr 0 00:10:29, Sys 0 00:00:05  -  Run Remote Usage
		Usr 0 00:00:00, Sys 0 00:00:00  -  Run Local Usage
		Usr 0 00:10:29, Sys 0 00:00:05  -  Total Remote Usage
		Usr 0 00:00:00, Sys 0 00:00:00  -  Total Local Usage
	20459500  -  Run Bytes Sent By Job
	21538644  -  Run Bytes Received By Job
	20459500  -  Total Bytes Sent By Job
	21538644  -  Total Bytes Received By Job
	Partitionable Resources :     Usage  Request Allocated 
	   Cpus                 :      0.99        1         1 
	   Disk (KB)            : 844281     5242880   5243904 
	   GPUs                 :                            0 
	   IoHeavy              :                            0 
	   Memory (MB)          :     13        5120      5120 
	   TimeExecute (s)      :    646                       
	   TimeSlotBusy (s)     :    656                       

	Job terminated of its own accord at 2024-12-05T03:49:34Z with exit-code 0.
...
