000 (261957.008.000) 2024-12-04 21:38:17 Job submitted from host: <128.104.100.148:9618?addrs=128.104.100.148-9618+[2607-f388-107c-501-216-3eff-feb2-bc11]-9618&alias=learn.chtc.wisc.edu&noUDP&sock=schedd_1351356_64bc>
...
040 (261957.008.000) 2024-12-04 21:38:39 Started transferring input files
	Transferring to host: <128.105.68.38:9618?addrs=128.105.68.38-9618+[2607-f388-2200-100-3680-dff-fe2e-8660]-9618&alias=e2468.chtc.wisc.edu&noUDP&sock=slot1_17_1923914_3554_129280>
...
040 (261957.008.000) 2024-12-04 21:38:44 Finished transferring input files
...
001 (261957.008.000) 2024-12-04 21:38:45 Job executing on host: <128.105.68.38:9618?addrs=128.105.68.38-9618+[2607-f388-2200-100-3680-dff-fe2e-8660]-9618&alias=e2468.chtc.wisc.edu&noUDP&sock=startd_17381_7fb0>
	SlotName: slot1_17@e2468.chtc.wisc.edu
	CondorScratchDir = "/var/lib/condor/execute/slot1/dir_75783"
	Cpus = 1
	Disk = 5243904
	GPUs = 0
	IoHeavy = 0
	Memory = 5120
...
006 (261957.008.000) 2024-12-04 21:38:59 Image size of job updated: 9856
	10  -  MemoryUsage of job (MB)
	9856  -  ResidentSetSize of job (KB)
...
040 (261957.008.000) 2024-12-04 21:39:22 Started transferring output files
...
040 (261957.008.000) 2024-12-04 21:39:23 Finished transferring output files
...
005 (261957.008.000) 2024-12-04 21:39:23 Job terminated.
	(1) Normal termination (return value 0)
		Usr 0 00:00:30, Sys 0 00:00:01  -  Run Remote Usage
		Usr 0 00:00:00, Sys 0 00:00:00  -  Run Local Usage
		Usr 0 00:00:30, Sys 0 00:00:01  -  Total Remote Usage
		Usr 0 00:00:00, Sys 0 00:00:00  -  Total Local Usage
	2502445  -  Run Bytes Sent By Job
	3796695  -  Run Bytes Received By Job
	2502445  -  Total Bytes Sent By Job
	3796695  -  Total Bytes Received By Job
	Partitionable Resources :    Usage  Request Allocated 
	   Cpus                 :        0        1         1 
	   Disk (KB)            :   809418  5242880   5243904 
	   GPUs                 :                           0 
	   IoHeavy              :                           0 
	   Memory (MB)          :       10     5120      5120 
	   TimeExecute (s)      :       37                    
	   TimeSlotBusy (s)     :       44                    

	Job terminated of its own accord at 2024-12-05T03:39:22Z with exit-code 0.
...
