000 (261957.004.000) 2024-12-04 21:38:17 Job submitted from host: <128.104.100.148:9618?addrs=128.104.100.148-9618+[2607-f388-107c-501-216-3eff-feb2-bc11]-9618&alias=learn.chtc.wisc.edu&noUDP&sock=schedd_1351356_64bc>
...
040 (261957.004.000) 2024-12-04 21:38:38 Started transferring input files
	Transferring to host: <128.105.69.191:9618?addrs=128.105.69.191-9618+[2607-f388-2200-100-1270-fdff-fe56-3d4c]-9618&alias=e4044.chtc.wisc.edu&noUDP&sock=slot1_46_548609_6b7e_132642>
...
040 (261957.004.000) 2024-12-04 21:38:48 Finished transferring input files
...
001 (261957.004.000) 2024-12-04 21:38:49 Job executing on host: <128.105.69.191:9618?addrs=128.105.69.191-9618+[2607-f388-2200-100-1270-fdff-fe56-3d4c]-9618&alias=e4044.chtc.wisc.edu&noUDP&sock=startd_14650_428b>
	SlotName: slot1_46@e4044.chtc.wisc.edu
	CondorScratchDir = "/var/lib/condor/execute/slot1/dir_3058984"
	Cpus = 1
	Disk = 5244033
	GPUs = 0
	IoHeavy = 0
	Memory = 5120
...
006 (261957.004.000) 2024-12-04 21:39:03 Image size of job updated: 9988
	10  -  MemoryUsage of job (MB)
	9988  -  ResidentSetSize of job (KB)
...
006 (261957.004.000) 2024-12-04 21:44:04 Image size of job updated: 13268
	13  -  MemoryUsage of job (MB)
	13268  -  ResidentSetSize of job (KB)
...
040 (261957.004.000) 2024-12-04 22:02:59 Started transferring output files
...
040 (261957.004.000) 2024-12-04 22:03:01 Finished transferring output files
...
005 (261957.004.000) 2024-12-04 22:03:01 Job terminated.
	(1) Normal termination (return value 0)
		Usr 0 00:23:41, Sys 0 00:00:05  -  Run Remote Usage
		Usr 0 00:00:00, Sys 0 00:00:00  -  Run Local Usage
		Usr 0 00:23:41, Sys 0 00:00:05  -  Total Remote Usage
		Usr 0 00:00:00, Sys 0 00:00:00  -  Total Local Usage
	26053088  -  Run Bytes Sent By Job
	35433996  -  Run Bytes Received By Job
	26053088  -  Total Bytes Sent By Job
	35433996  -  Total Bytes Received By Job
	Partitionable Resources :     Usage  Request Allocated 
	   Cpus                 :      0.99        1         1 
	   Disk (KB)            : 863312     5242880   5244033 
	   GPUs                 :                            0 
	   IoHeavy              :                            0 
	   Memory (MB)          :     13        5120      5120 
	   TimeExecute (s)      :   1450                       
	   TimeSlotBusy (s)     :   1463                       

	Job terminated of its own accord at 2024-12-05T04:02:59Z with exit-code 0.
...
