000 (261957.002.000) 2024-12-04 21:38:17 Job submitted from host: <128.104.100.148:9618?addrs=128.104.100.148-9618+[2607-f388-107c-501-216-3eff-feb2-bc11]-9618&alias=learn.chtc.wisc.edu&noUDP&sock=schedd_1351356_64bc>
...
040 (261957.002.000) 2024-12-04 21:38:38 Started transferring input files
	Transferring to host: <128.105.68.154:9618?addrs=128.105.68.154-9618+[2607-f388-2200-100-b226-28ff-fe51-60cc]-9618&alias=e2013.chtc.wisc.edu&noUDP&sock=slot1_5_48325_1586_89227>
...
040 (261957.002.000) 2024-12-04 21:38:47 Finished transferring input files
...
001 (261957.002.000) 2024-12-04 21:38:48 Job executing on host: <128.105.68.154:9618?addrs=128.105.68.154-9618+[2607-f388-2200-100-b226-28ff-fe51-60cc]-9618&alias=e2013.chtc.wisc.edu&noUDP&sock=startd_37286_ac54>
	SlotName: slot1_5@e2013.chtc.wisc.edu
	CondorScratchDir = "/var/lib/condor/execute/slot1/dir_889695"
	Cpus = 1
	Disk = 5243904
	GPUs = 0
	IoHeavy = 0
	Memory = 5120
...
006 (261957.002.000) 2024-12-04 21:39:02 Image size of job updated: 10028
	10  -  MemoryUsage of job (MB)
	10028  -  ResidentSetSize of job (KB)
...
006 (261957.002.000) 2024-12-04 21:44:02 Image size of job updated: 11536
	12  -  MemoryUsage of job (MB)
	11536  -  ResidentSetSize of job (KB)
...
040 (261957.002.000) 2024-12-04 21:44:26 Started transferring output files
...
040 (261957.002.000) 2024-12-04 21:44:28 Finished transferring output files
...
005 (261957.002.000) 2024-12-04 21:44:28 Job terminated.
	(1) Normal termination (return value 0)
		Usr 0 00:05:26, Sys 0 00:00:03  -  Run Remote Usage
		Usr 0 00:00:00, Sys 0 00:00:00  -  Run Local Usage
		Usr 0 00:05:26, Sys 0 00:00:03  -  Total Remote Usage
		Usr 0 00:00:00, Sys 0 00:00:00  -  Total Local Usage
	12823836  -  Run Bytes Sent By Job
	11284248  -  Run Bytes Received By Job
	12823836  -  Total Bytes Sent By Job
	11284248  -  Total Bytes Received By Job
	Partitionable Resources :     Usage  Request Allocated 
	   Cpus                 :      0.99        1         1 
	   Disk (KB)            : 826810     5242880   5243904 
	   GPUs                 :                            0 
	   IoHeavy              :                            0 
	   Memory (MB)          :     12        5120      5120 
	   TimeExecute (s)      :    338                       
	   TimeSlotBusy (s)     :    350                       

	Job terminated of its own accord at 2024-12-05T03:44:26Z with exit-code 0.
...
