000 (261957.022.000) 2024-12-04 21:38:17 Job submitted from host: <128.104.100.148:9618?addrs=128.104.100.148-9618+[2607-f388-107c-501-216-3eff-feb2-bc11]-9618&alias=learn.chtc.wisc.edu&noUDP&sock=schedd_1351356_64bc>
...
040 (261957.022.000) 2024-12-04 21:38:41 Started transferring input files
	Transferring to host: <128.105.69.191:9618?addrs=128.105.69.191-9618+[2607-f388-2200-100-1270-fdff-fe56-3d4c]-9618&alias=e4044.chtc.wisc.edu&noUDP&sock=slot1_64_548609_6b7e_132645>
...
040 (261957.022.000) 2024-12-04 21:38:47 Finished transferring input files
...
001 (261957.022.000) 2024-12-04 21:38:48 Job executing on host: <128.105.69.191:9618?addrs=128.105.69.191-9618+[2607-f388-2200-100-1270-fdff-fe56-3d4c]-9618&alias=e4044.chtc.wisc.edu&noUDP&sock=startd_14650_428b>
	SlotName: slot1_64@e4044.chtc.wisc.edu
	CondorScratchDir = "/var/lib/condor/execute/slot1/dir_3059297"
	Cpus = 1
	Disk = 5244033
	GPUs = 0
	IoHeavy = 0
	Memory = 5120
...
006 (261957.022.000) 2024-12-04 21:39:02 Image size of job updated: 10740
	11  -  MemoryUsage of job (MB)
	10740  -  ResidentSetSize of job (KB)
...
006 (261957.022.000) 2024-12-04 21:41:55 Image size of job updated: 10740
	16  -  MemoryUsage of job (MB)
	15740  -  ResidentSetSize of job (KB)
...
040 (261957.022.000) 2024-12-04 21:41:55 Started transferring output files
...
040 (261957.022.000) 2024-12-04 21:41:56 Finished transferring output files
...
005 (261957.022.000) 2024-12-04 21:41:56 Job terminated.
	(1) Normal termination (return value 0)
		Usr 0 00:02:56, Sys 0 00:00:01  -  Run Remote Usage
		Usr 0 00:00:00, Sys 0 00:00:00  -  Run Local Usage
		Usr 0 00:02:56, Sys 0 00:00:01  -  Total Remote Usage
		Usr 0 00:00:00, Sys 0 00:00:00  -  Total Local Usage
	6780975  -  Run Bytes Sent By Job
	6305529  -  Run Bytes Received By Job
	6780975  -  Total Bytes Sent By Job
	6305529  -  Total Bytes Received By Job
	Partitionable Resources :    Usage  Request Allocated 
	   Cpus                 :                 1         1 
	   Disk (KB)            :   816037  5242880   5244033 
	   GPUs                 :                           0 
	   IoHeavy              :                           0 
	   Memory (MB)          :       16     5120      5120 
	   TimeExecute (s)      :      187                    
	   TimeSlotBusy (s)     :      196                    

	Job terminated of its own accord at 2024-12-05T03:41:55Z with exit-code 0.
...
