000 (261959.000.000) 2024-12-04 23:05:31 Job submitted from host: <128.104.100.148:9618?addrs=128.104.100.148-9618+[2607-f388-107c-501-216-3eff-feb2-bc11]-9618&alias=learn.chtc.wisc.edu&noUDP&sock=schedd_1351356_64bc>
...
040 (261959.000.000) 2024-12-04 23:06:27 Started transferring input files
	Transferring to host: <128.105.68.44:9618?addrs=128.105.68.44-9618+[2607-f388-2200-100-3680-dff-fe2e-86f0]-9618&alias=e2474.chtc.wisc.edu&noUDP&sock=slot1_19_81465_364a_133644>
...
040 (261959.000.000) 2024-12-04 23:06:54 Finished transferring input files
...
001 (261959.000.000) 2024-12-04 23:06:55 Job executing on host: <128.105.68.44:9618?addrs=128.105.68.44-9618+[2607-f388-2200-100-3680-dff-fe2e-86f0]-9618&alias=e2474.chtc.wisc.edu&noUDP&sock=startd_79888_1a07>
	SlotName: slot1_19@e2474.chtc.wisc.edu
	CondorScratchDir = "/var/lib/condor/execute/slot1/dir_3910090"
	Cpus = 4
	Disk = 5243904
	GPUs = 0
	IoHeavy = 0
	Memory = 5120
...
006 (261959.000.000) 2024-12-04 23:07:08 Image size of job updated: 10468
	11  -  MemoryUsage of job (MB)
	10468  -  ResidentSetSize of job (KB)
...
006 (261959.000.000) 2024-12-04 23:17:09 Image size of job updated: 13260
	13  -  MemoryUsage of job (MB)
	13260  -  ResidentSetSize of job (KB)
...
040 (261959.000.000) 2024-12-04 23:25:13 Started transferring output files
...
040 (261959.000.000) 2024-12-04 23:25:15 Finished transferring output files
...
005 (261959.000.000) 2024-12-04 23:25:15 Job terminated.
	(1) Normal termination (return value 0)
		Usr 0 00:19:57, Sys 0 00:10:40  -  Run Remote Usage
		Usr 0 00:00:00, Sys 0 00:00:00  -  Run Local Usage
		Usr 0 00:19:57, Sys 0 00:10:40  -  Total Remote Usage
		Usr 0 00:00:00, Sys 0 00:00:00  -  Total Local Usage
	25976374  -  Run Bytes Sent By Job
	30439532  -  Run Bytes Received By Job
	25976374  -  Total Bytes Sent By Job
	30439532  -  Total Bytes Received By Job
	Partitionable Resources :     Usage  Request Allocated 
	   Cpus                 :      0.99        4         4 
	   Disk (KB)            : 858361     5242880   5243904 
	   GPUs                 :                            0 
	   IoHeavy              :                            0 
	   Memory (MB)          :     13        5120      5120 
	   TimeExecute (s)      :   1098                       
	   TimeSlotBusy (s)     :   1128                       

	Job terminated of its own accord at 2024-12-05T05:25:13Z with exit-code 0.
...
