000 (261957.012.000) 2024-12-04 21:38:17 Job submitted from host: <128.104.100.148:9618?addrs=128.104.100.148-9618+[2607-f388-107c-501-216-3eff-feb2-bc11]-9618&alias=learn.chtc.wisc.edu&noUDP&sock=schedd_1351356_64bc>
...
040 (261957.012.000) 2024-12-04 21:38:40 Started transferring input files
	Transferring to host: <128.105.69.191:9618?addrs=128.105.69.191-9618+[2607-f388-2200-100-1270-fdff-fe56-3d4c]-9618&alias=e4044.chtc.wisc.edu&noUDP&sock=slot1_61_548609_6b7e_132643>
...
040 (261957.012.000) 2024-12-04 21:38:47 Finished transferring input files
...
001 (261957.012.000) 2024-12-04 21:38:48 Job executing on host: <128.105.69.191:9618?addrs=128.105.69.191-9618+[2607-f388-2200-100-1270-fdff-fe56-3d4c]-9618&alias=e4044.chtc.wisc.edu&noUDP&sock=startd_14650_428b>
	SlotName: slot1_61@e4044.chtc.wisc.edu
	CondorScratchDir = "/var/lib/condor/execute/slot1/dir_3059277"
	Cpus = 1
	Disk = 5244033
	GPUs = 0
	IoHeavy = 0
	Memory = 5120
...
006 (261957.012.000) 2024-12-04 21:39:02 Image size of job updated: 10120
	10  -  MemoryUsage of job (MB)
	10120  -  ResidentSetSize of job (KB)
...
040 (261957.012.000) 2024-12-04 21:39:52 Started transferring output files
...
040 (261957.012.000) 2024-12-04 21:39:52 Finished transferring output files
...
005 (261957.012.000) 2024-12-04 21:39:52 Job terminated.
	(1) Normal termination (return value 0)
		Usr 0 00:00:56, Sys 0 00:00:01  -  Run Remote Usage
		Usr 0 00:00:00, Sys 0 00:00:00  -  Run Local Usage
		Usr 0 00:00:56, Sys 0 00:00:01  -  Total Remote Usage
		Usr 0 00:00:00, Sys 0 00:00:00  -  Total Local Usage
	2498477  -  Run Bytes Sent By Job
	3864028  -  Run Bytes Received By Job
	2498477  -  Total Bytes Sent By Job
	3864028  -  Total Bytes Received By Job
	Partitionable Resources :    Usage  Request Allocated 
	   Cpus                 :        0        1         1 
	   Disk (KB)            :   809480  5242880   5244033 
	   GPUs                 :                           0 
	   IoHeavy              :                           0 
	   Memory (MB)          :       10     5120      5120 
	   TimeExecute (s)      :       64                    
	   TimeSlotBusy (s)     :       72                    

	Job terminated of its own accord at 2024-12-05T03:39:52Z with exit-code 0.
...
